<?xml version="1.0" encoding="UTF-8"?>
<Site BuildName="Linux-x86_64-conda-linux-gnu-g++"
	BuildStamp="20231214-1640-Experimental"
	Name="laptop"
	Generator="ctest-3.22.1"
	CompilerName="/home/pawelj/miniconda3/bin/x86_64-conda-linux-gnu-g++"
	CompilerVersion="13.2.0"
	OSName="Linux"
	Hostname="laptop"
	OSRelease="6.2.0-37-generic"
	OSVersion="#38~22.04.1-Ubuntu SMP PREEMPT_DYNAMIC Thu Nov  2 18:01:13 UTC 2"
	OSPlatform="x86_64"
	Is64Bits="1"
	VendorString="GenuineIntel"
	VendorID="Intel Corporation"
	FamilyID="6"
	ModelID="154"
	ProcessorCacheSize="24576"
	NumberOfLogicalCPU="20"
	NumberOfPhysicalCPU="14"
	TotalVirtualMemory="0"
	TotalPhysicalMemory="15685"
	LogicalProcessorsPerPhysical="1"
	ProcessorClockFrequency="633.255"
	>
	<Testing>
		<StartDateTime>Dec 14 17:40 CET</StartDateTime>
		<StartTestTime>1702572041</StartTestTime>
		<TestList/>
		<EndDateTime>Dec 14 17:40 CET</EndDateTime>
		<EndTestTime>1702572041</EndTestTime>
		<ElapsedMinutes>0</ElapsedMinutes>
	</Testing>
</Site>
